<?xml version="1.0" encoding="UTF-8"?>
<!-- Generated by org.testng.reporters.JUnitReportReporter -->
<testsuite hostname="BLR135CG14834VT" failures="0" tests="3" name="Amazon_webpage_TestCase_Testing.Regression_checkout" time="68.090" errors="0" timestamp="2025-07-17T20:34:18 IST" skipped="0">
  <testcase classname="Amazon_webpage_TestCase_Testing.Regression_checkout" name="CheckoutPage_Above_Lego" time="17.155"/>
  <testcase classname="Amazon_webpage_TestCase_Testing.Regression_checkout" name="CheckoutPage_Below_lego" time="27.000"/>
  <testcase classname="Amazon_webpage_TestCase_Testing.Regression_checkout" name="CheckoutPage_Below_lego_increaseQuantity" time="23.935"/>
</testsuite> <!-- Amazon_webpage_TestCase_Testing.Regression_checkout -->
