<?xml version="1.0" encoding="UTF-8"?>
<!-- Generated by org.testng.reporters.JUnitReportReporter -->
<testsuite hostname="BLR135CG14834VT" failures="0" tests="2" name="testngday1.assertion" time="0.004" errors="0" timestamp="2025-06-21T01:03:18 PDT" skipped="0">
  <testcase classname="testngday1.assertion" name="chexkxlass" time="0.001"/>
  <testcase classname="testngday1.assertion" name="testtitle" time="0.003"/>
</testsuite> <!-- testngday1.assertion -->
