<?xml version="1.0" encoding="UTF-8"?>
<!-- Generated by org.testng.reporters.JUnitReportReporter -->
<testsuite hostname="BLR135CG14834VT" failures="0" tests="9" name="datadrivenandparalleltesting.paralleltest" time="1.609" errors="0" timestamp="2025-06-25T19:30:42 IST" skipped="0">
  <testcase classname="datadrivenandparalleltesting.paralleltest" name="testlogo" time="0.057"/>
  <testcase classname="datadrivenandparalleltesting.paralleltest" name="testlogo" time="0.096"/>
  <testcase classname="datadrivenandparalleltesting.paralleltest" name="testlogo" time="1.208"/>
  <testcase classname="datadrivenandparalleltesting.paralleltest" name="testurl" time="0.012"/>
  <testcase classname="datadrivenandparalleltesting.paralleltest" name="testurl" time="0.015"/>
  <testcase classname="datadrivenandparalleltesting.paralleltest" name="testurl" time="0.039"/>
  <testcase classname="datadrivenandparalleltesting.paralleltest" name="testtitle" time="0.009"/>
  <testcase classname="datadrivenandparalleltesting.paralleltest" name="testtitle" time="0.041"/>
  <testcase classname="datadrivenandparalleltesting.paralleltest" name="testtitle" time="0.132"/>
</testsuite> <!-- datadrivenandparalleltesting.paralleltest -->
