<?xml version="1.0" encoding="UTF-8"?>
<!-- Generated by org.testng.reporters.JUnitReportReporter -->
<testsuite hostname="BLR135CG14834VT" failures="0" tests="1" name="datadrivenandparalleltesting.datadriven" time="3.007" errors="0" timestamp="2025-06-25T19:01:25 IST" skipped="0">
  <testcase classname="datadrivenandparalleltesting.datadriven" name="login" time="3.007"/>
</testsuite> <!-- datadrivenandparalleltesting.datadriven -->
