<?xml version="1.0" encoding="UTF-8"?>
<!-- Generated by org.testng.reporters.JUnitReportReporter -->
<testsuite hostname="BLR135CG14834VT" failures="0" tests="1" name="amazon_webpage_testing.Reg" time="28.283" errors="0" timestamp="2025-07-11T15:24:30 IST" skipped="0">
  <testcase classname="amazon_webpage_testing.Reg" name="login" time="28.283"/>
</testsuite> <!-- amazon_webpage_testing.Reg -->
