<?xml version="1.0" encoding="UTF-8"?>
<!-- Generated by org.testng.reporters.JUnitReportReporter -->
<testsuite hostname="BLR135CG14834VT" failures="0" tests="1" name="testnggrouping.group3" time="0.010" errors="0" timestamp="2025-06-23T16:56:31 IST" skipped="0">
  <testcase classname="testnggrouping.group3" name="BBB" time="0.010"/>
</testsuite> <!-- testnggrouping.group3 -->
