<?xml version="1.0" encoding="UTF-8"?>
<!-- Generated by org.testng.reporters.JUnitReportReporter -->
<testsuite hostname="BLR135CG14834VT" failures="0" tests="10" name="Amazon_webpage_TestCase_Testing.Regression_Detail" time="30.220" errors="0" timestamp="2025-07-17T19:52:45 IST" skipped="0">
  <testcase classname="Amazon_webpage_TestCase_Testing.Regression_Detail" name="detailpage__Above_SSD_msg" time="5.174"/>
  <testcase classname="Amazon_webpage_TestCase_Testing.Regression_Detail" name="detailpage_SSD_msg_after_increase_quantity" time="0.767"/>
  <testcase classname="Amazon_webpage_TestCase_Testing.Regression_Detail" name="detailpage_SSD_msg_after_decrease_quantity" time="0.383"/>
  <testcase classname="Amazon_webpage_TestCase_Testing.Regression_Detail" name="detailpage_addtoCart" time="2.908"/>
  <testcase classname="Amazon_webpage_TestCase_Testing.Regression_Detail" name="detailpage_Buy_now" time="7.209"/>
  <testcase classname="Amazon_webpage_TestCase_Testing.Regression_Detail" name="detailpage_Below_SSD_msg" time="3.551"/>
  <testcase classname="Amazon_webpage_TestCase_Testing.Regression_Detail" name="detailpage_belowTo_Above_after_increase_quantity" time="1.120"/>
  <testcase classname="Amazon_webpage_TestCase_Testing.Regression_Detail" name="detailpage_aboveTo_Below_SSD_msg_after_decrease_quantity" time="0.302"/>
  <testcase classname="Amazon_webpage_TestCase_Testing.Regression_Detail" name="detailpage_BelowFST_addtoCart" time="1.764"/>
  <testcase classname="Amazon_webpage_TestCase_Testing.Regression_Detail" name="detailpage_BelowFST_Buy_now" time="7.042"/>
</testsuite> <!-- Amazon_webpage_TestCase_Testing.Regression_Detail -->
