<?xml version="1.0" encoding="UTF-8"?>
<!-- Generated by org.testng.reporters.JUnitReportReporter -->
<testsuite hostname="BLR135CG14834VT" failures="0" tests="6" name="testngday1.day1" time="13.748" errors="0" timestamp="2025-06-21T01:03:18 PDT" skipped="1">
  <testcase classname="testngday1.day1" name="openApp" time="5.998"/>
  <testcase classname="testngday1.day1" name="Searchitem" time="3.100"/>
  <testcase classname="testngday1.day1" name="logocheck" time="0.054"/>
  <testcase classname="testngday1.day1" name="operatin" time="1.214"/>
  <testcase classname="testngday1.day1" name="operatinss" time="3.382"/>
  <testcase classname="testngday1.day1" name="operatins">
    <skipped/>
  </testcase> <!-- operatins -->
</testsuite> <!-- testngday1.day1 -->
