<?xml version="1.0" encoding="UTF-8"?>
<!-- Generated by org.testng.reporters.JUnitReportReporter -->
<testsuite hostname="BLR135CG14834VT" failures="0" tests="1" name="myownexperiment.xxxxxx" time="8.132" errors="0" timestamp="2025-07-07T13:07:35 IST" skipped="0">
  <testcase classname="myownexperiment.xxxxxx" name="login" time="8.132"/>
</testsuite> <!-- myownexperiment.xxxxxx -->
