<?xml version="1.0" encoding="UTF-8"?>
<!-- Generated by org.testng.reporters.JUnitReportReporter -->
<testsuite hostname="BLR135CG14834VT" failures="0" tests="1" name="Amazon_webpage_TestCase_Testing.Smoke" time="31.961" errors="0" timestamp="2025-07-14T12:58:19 IST" skipped="0">
  <testcase classname="Amazon_webpage_TestCase_Testing.Smoke" name="Belowfst_LEGO_serachtocheckout" time="31.961"/>
</testsuite> <!-- Amazon_webpage_TestCase_Testing.Smoke -->
