<?xml version="1.0" encoding="UTF-8"?>
<!-- Generated by org.testng.reporters.JUnitReportReporter -->
<testsuite hostname="BLR135CG14834VT" failures="0" tests="2" name="testnggrouping.group1" time="0.003" errors="0" timestamp="2025-06-23T16:56:31 IST" skipped="0">
  <testcase classname="testnggrouping.group1" name="A" time="0.002"/>
  <testcase classname="testnggrouping.group1" name="c" time="0.001"/>
</testsuite> <!-- testnggrouping.group1 -->
