<?xml version="1.0" encoding="UTF-8"?>
<!-- Generated by org.testng.reporters.JUnitReportReporter -->
<testsuite hostname="BLR135CG14834VT" failures="0" tests="1" name="testnggrouping.group2" time="0.001" errors="0" timestamp="2025-06-23T16:56:31 IST" skipped="0">
  <testcase classname="testnggrouping.group2" name="BB" time="0.001"/>
</testsuite> <!-- testnggrouping.group2 -->
