<?xml version="1.0" encoding="UTF-8"?>
<!-- Generated by org.testng.reporters.JUnitReportReporter -->
<testsuite hostname="BLR135CG14834VT" failures="0" tests="8" name="Amazon_webpage_TestCase_Testing.Regression_Cart" time="118.443" errors="0" timestamp="2025-07-17T19:52:45 IST" skipped="0">
  <testcase classname="Amazon_webpage_TestCase_Testing.Regression_Cart" name="CartPage" time="10.095"/>
  <testcase classname="Amazon_webpage_TestCase_Testing.Regression_Cart" name="Save_for_ltr_cart" time="7.387"/>
  <testcase classname="Amazon_webpage_TestCase_Testing.Regression_Cart" name="Delete_fromCart" time="8.649"/>
  <testcase classname="Amazon_webpage_TestCase_Testing.Regression_Cart" name="Progressbar_message_cart" time="8.228"/>
  <testcase classname="Amazon_webpage_TestCase_Testing.Regression_Cart" name="increase_Quantity_Cart" time="15.889"/>
  <testcase classname="Amazon_webpage_TestCase_Testing.Regression_Cart" name="decrease_Quantity_Cart" time="25.158"/>
  <testcase classname="Amazon_webpage_TestCase_Testing.Regression_Cart" name="DeleteBy_decrease_Quantity_Cart" time="28.635"/>
  <testcase classname="Amazon_webpage_TestCase_Testing.Regression_Cart" name="Proceed_to_checkoutFrom_Cart" time="14.402"/>
</testsuite> <!-- Amazon_webpage_TestCase_Testing.Regression_Cart -->
