<?xml version="1.0" encoding="UTF-8"?>
<!-- Generated by org.testng.reporters.JUnitReportReporter -->
<testsuite hostname="BLR135CG14834VT" failures="0" tests="1" name="Amazon_webpage_TestCase_Testing.Beforeclassrun" time="0.006" errors="0" timestamp="2025-07-11T16:27:25 IST" skipped="0">
  <testcase classname="Amazon_webpage_TestCase_Testing.Beforeclassrun" name="abovefstcheckout" time="0.006"/>
</testsuite> <!-- Amazon_webpage_TestCase_Testing.Beforeclassrun -->
