<?xml version="1.0" encoding="UTF-8"?>
<!-- Generated by org.testng.reporters.JUnitReportReporter -->
<testsuite hostname="BLR135CG14834VT" failures="0" tests="2" name="testngday1.Annoatation" time="0.006" errors="0" timestamp="2025-06-21T01:03:18 PDT" skipped="0">
  <testcase classname="testngday1.Annoatation" name="search" time="0.002"/>
  <testcase classname="testngday1.Annoatation" name="Advancesearch" time="0.004"/>
</testsuite> <!-- testngday1.Annoatation -->
